<?xml version="1.0" encoding="UTF-8"?>
<robot generator="Robot 4.0.3 (Python 3.7.4 on win32)" generated="20211014 08:42:36.815" rpa="false" schemaversion="2">
<suite id="s1" name="Test-Case" source="C:\Estudo\Robot\EpicStore\test-case">
<suite id="s1-s1" name="AbrirHome" source="C:\Estudo\Robot\EpicStore\test-case\AbrirHome.robot">
<test id="s1-s1-t1" name="Cenario 1 - Abertura da pagina Home">
<kw name="Abrir navegador" library="resource">
<kw name="Open Browser" library="SeleniumLibrary">
<arg>url:blank</arg>
<arg>Chrome</arg>
<doc>Opens a new browser instance to the optional ``url``.</doc>
<msg timestamp="20211014 08:42:37.363" level="INFO">Opening browser 'Chrome' to base url 'url:blank'.</msg>
<status status="PASS" starttime="20211014 08:42:37.363" endtime="20211014 08:42:42.988"/>
</kw>
<status status="PASS" starttime="20211014 08:42:37.362" endtime="20211014 08:42:42.989"/>
</kw>
<kw name="Iserir o endereço no navegador" library="home">
<kw name="Go To" library="SeleniumLibrary">
<arg>${HOME_URL}</arg>
<doc>Navigates the current browser window to the provided ``url``.</doc>
<msg timestamp="20211014 08:42:42.993" level="INFO">Opening url 'https://www.epicgame.com.br/'</msg>
<status status="PASS" starttime="20211014 08:42:42.991" endtime="20211014 08:42:47.544"/>
</kw>
<status status="PASS" starttime="20211014 08:42:42.990" endtime="20211014 08:42:47.545"/>
</kw>
<kw name="A pagina home será exibida" library="home">
<kw name="Title Should Be" library="SeleniumLibrary">
<arg>Epic Game - A loja de card game mais ÉPICA do Brasil!</arg>
<doc>Verifies that the current page title equals ``title``.</doc>
<msg timestamp="20211014 08:42:47.556" level="INFO">Page title is 'Epic Game - A loja de card game mais ÉPICA do Brasil!'.</msg>
<status status="PASS" starttime="20211014 08:42:47.547" endtime="20211014 08:42:47.556"/>
</kw>
<status status="PASS" starttime="20211014 08:42:47.546" endtime="20211014 08:42:47.557"/>
</kw>
<status status="PASS" starttime="20211014 08:42:37.361" endtime="20211014 08:42:47.559"/>
</test>
<kw name="fechar browser" library="resource" type="TEARDOWN">
<kw name="Close Browser" library="SeleniumLibrary">
<doc>Closes the current browser.</doc>
<status status="PASS" starttime="20211014 08:42:47.564" endtime="20211014 08:42:50.967"/>
</kw>
<status status="PASS" starttime="20211014 08:42:47.563" endtime="20211014 08:42:50.967"/>
</kw>
<status status="PASS" starttime="20211014 08:42:36.872" endtime="20211014 08:42:50.968"/>
</suite>
<status status="PASS" starttime="20211014 08:42:36.819" endtime="20211014 08:42:50.972"/>
</suite>
<statistics>
<total>
<stat pass="1" fail="0" skip="0">All Tests</stat>
</total>
<tag>
</tag>
<suite>
<stat pass="1" fail="0" skip="0" id="s1" name="Test-Case">Test-Case</stat>
<stat pass="1" fail="0" skip="0" id="s1-s1" name="AbrirHome">Test-Case.AbrirHome</stat>
</suite>
</statistics>
<errors>
</errors>
</robot>
